[debug] [2024-12-17T03:07:59.118Z] ----------------------------------------------------------------------
[debug] [2024-12-17T03:07:59.120Z] Command:       C:\Program Files\nodejs\node.exe C:\Users\bonsi\AppData\Roaming\npm\node_modules\firebase-tools\lib\bin\firebase.js init
[debug] [2024-12-17T03:07:59.120Z] CLI Version:   13.29.1
[debug] [2024-12-17T03:07:59.121Z] Platform:      win32
[debug] [2024-12-17T03:07:59.121Z] Node Version:  v22.12.0
[debug] [2024-12-17T03:07:59.121Z] Time:          Tue Dec 17 2024 11:07:59 GMT+0800 (Philippine Standard Time)
[debug] [2024-12-17T03:07:59.121Z] ----------------------------------------------------------------------
[debug] 
[debug] [2024-12-17T03:07:59.128Z] > command requires scopes: ["email","openid","https://www.googleapis.com/auth/cloudplatformprojects.readonly","https://www.googleapis.com/auth/firebase","https://www.googleapis.com/auth/cloud-platform"]
[debug] [2024-12-17T03:07:59.128Z] > authorizing via signed-in user (ceo.management2600@gmail.com)
[info] 
     ######## #### ########  ######## ########     ###     ######  ########
     ##        ##  ##     ## ##       ##     ##  ##   ##  ##       ##
     ######    ##  ########  ######   ########  #########  ######  ######
     ##        ##  ##    ##  ##       ##     ## ##     ##       ## ##
     ##       #### ##     ## ######## ########  ##     ##  ######  ########

You're about to initialize a Firebase project in this directory:

  C:\Users\bonsi\Capstone

[info] 
=== Project Setup
[info] 
[info] First, let's associate this project directory with a Firebase project.
[info] You can create multiple project aliases by running firebase use --add, 
[info] but for now we'll just set up a default project.
[info] 
[debug] [2024-12-17T03:08:13.071Z] Checked if tokens are valid: true, expires at: 1734407578860
[debug] [2024-12-17T03:08:13.072Z] Checked if tokens are valid: true, expires at: 1734407578860
[debug] [2024-12-17T03:08:13.073Z] >>> [apiv2][query] GET https://firebase.googleapis.com/v1beta1/projects pageSize=100
[debug] [2024-12-17T03:08:13.688Z] <<< [apiv2][status] GET https://firebase.googleapis.com/v1beta1/projects 200
[debug] [2024-12-17T03:08:13.688Z] <<< [apiv2][body] GET https://firebase.googleapis.com/v1beta1/projects [omitted]
[info] i  Using project ceo-projectmanagementweb (CEO-ProjectManagementWeb) 
[info] 
=== Hosting Setup
[debug] [2024-12-17T03:08:15.796Z] Checked if tokens are valid: true, expires at: 1734407578860
[debug] [2024-12-17T03:08:15.796Z] Checked if tokens are valid: true, expires at: 1734407578860
[debug] [2024-12-17T03:08:15.796Z] >>> [apiv2][query] GET https://firebase.googleapis.com/v1beta1/projects/ceo-projectmanagementweb [none]
[debug] [2024-12-17T03:08:16.067Z] <<< [apiv2][status] GET https://firebase.googleapis.com/v1beta1/projects/ceo-projectmanagementweb 200
[debug] [2024-12-17T03:08:16.068Z] <<< [apiv2][body] GET https://firebase.googleapis.com/v1beta1/projects/ceo-projectmanagementweb {"projectId":"ceo-projectmanagementweb","projectNumber":"60010633148","displayName":"CEO-ProjectManagementWeb","name":"projects/ceo-projectmanagementweb","resources":{"hostingSite":"ceo-projectmanagementweb"},"state":"ACTIVE","etag":"1_e5d9dfa6-bacf-4c55-88c0-965ee3c3f439"}
[info] 
[info] Your public directory is the folder (relative to your project directory) that
[info] will contain Hosting assets to be uploaded with firebase deploy. If you
[info] have a build process for your assets, use your build's output directory.
[info] 
[info] +  Wrote ./404.html 
[debug] [2024-12-17T03:08:46.863Z] >>> [apiv2][query] GET https://www.gstatic.com/firebasejs/releases.json [none]
[debug] [2024-12-17T03:08:46.931Z] <<< [apiv2][status] GET https://www.gstatic.com/firebasejs/releases.json 200
[debug] [2024-12-17T03:08:46.932Z] <<< [apiv2][body] GET https://www.gstatic.com/firebasejs/releases.json {"current":{"version":"11.1.0","browserURL":"https://www.gstatic.com/firebasejs/11.1.0/firebase.js","packageURL":"https://www.gstatic.com/firebasejs/11.1.0/firebase.tgz"},"live":{"version":"11.1","browserURL":"https://www.gstatic.com/firebasejs/live/11.1/firebase.js","packageURL":"https://www.gstatic.com/firebasejs/live/11.1/firebase.tgz"},"components":{"analytics":"https://www.gstatic.com/firebasejs/11.1.0/firebase-analytics.js","app":"https://www.gstatic.com/firebasejs/11.1.0/firebase-app.js","app-check":"https://www.gstatic.com/firebasejs/11.1.0/firebase-app-check.js","auth":"https://www.gstatic.com/firebasejs/11.1.0/firebase-auth.js","auth/cordova":"https://www.gstatic.com/firebasejs/11.1.0/firebase-auth/cordova.js","auth/web-extension":"https://www.gstatic.com/firebasejs/11.1.0/firebase-auth/web-extension.js","functions":"https://www.gstatic.com/firebasejs/11.1.0/firebase-functions.js","firestore":"https://www.gstatic.com/firebasejs/11.1.0/firebase-firestore.js","firestore/lite":"https://www.gstatic.com/firebasejs/11.1.0/firebase-firestore/lite.js","installations":"https://www.gstatic.com/firebasejs/11.1.0/firebase-installations.js","storage":"https://www.gstatic.com/firebasejs/11.1.0/firebase-storage.js","performance":"https://www.gstatic.com/firebasejs/11.1.0/firebase-performance.js","remote-config":"https://www.gstatic.com/firebasejs/11.1.0/firebase-remote-config.js","messaging":"https://www.gstatic.com/firebasejs/11.1.0/firebase-messaging.js","messaging/sw":"https://www.gstatic.com/firebasejs/11.1.0/firebase-messaging/sw.js","database":"https://www.gstatic.com/firebasejs/11.1.0/firebase-database.js","vertexai":"https://www.gstatic.com/firebasejs/11.1.0/firebase-vertexai.js","data-connect":"https://www.gstatic.com/firebasejs/11.1.0/firebase-data-connect.js","firestore.memory":"https://www.gstatic.com/firebasejs/11.1.0/firebase-firestore.memory.js"}}
[info] +  Wrote ./index.html 
[info] 
[info] i  Detected a .git folder at C:\Users\bonsi\Capstone 
[info] i  Authorizing with GitHub to upload your service account to a GitHub repository's secrets store. 
[info] 
[info] Visit this URL on this device to log in:
[info] https://github.com/login/oauth/authorize?client_id=89cf50f02ac6aaed3484&state=704435141&redirect_uri=http%3A%2F%2Flocalhost%3A9005&scope=read%3Auser%20repo%20public_repo
[info] 
[info] Waiting for authentication...
[debug] [2024-12-17T03:09:08.188Z] >>> [apiv2][query] POST https://github.com/login/oauth/access_token [none]
[debug] [2024-12-17T03:09:08.188Z] >>> [apiv2][body] POST https://github.com/login/oauth/access_token [stream]
[debug] [2024-12-17T03:09:08.627Z] <<< [apiv2][status] POST https://github.com/login/oauth/access_token 200
[debug] [2024-12-17T03:09:08.628Z] <<< [apiv2][body] POST https://github.com/login/oauth/access_token {"access_token":"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","token_type":"bearer","scope":"read:user,repo"}
[debug] [2024-12-17T03:09:08.631Z] >>> [apiv2][query] GET https://api.github.com/user [none]
[debug] [2024-12-17T03:09:09.095Z] <<< [apiv2][status] GET https://api.github.com/user 200
[debug] [2024-12-17T03:09:09.095Z] <<< [apiv2][body] GET https://api.github.com/user {"login":"corplex213","id":155956909,"node_id":"U_kgDOCUu2rQ","avatar_url":"https://avatars.githubusercontent.com/u/155956909?v=4","gravatar_id":"","url":"https://api.github.com/users/corplex213","html_url":"https://github.com/corplex213","followers_url":"https://api.github.com/users/corplex213/followers","following_url":"https://api.github.com/users/corplex213/following{/other_user}","gists_url":"https://api.github.com/users/corplex213/gists{/gist_id}","starred_url":"https://api.github.com/users/corplex213/starred{/owner}{/repo}","subscriptions_url":"https://api.github.com/users/corplex213/subscriptions","organizations_url":"https://api.github.com/users/corplex213/orgs","repos_url":"https://api.github.com/users/corplex213/repos","events_url":"https://api.github.com/users/corplex213/events{/privacy}","received_events_url":"https://api.github.com/users/corplex213/received_events","type":"User","user_view_type":"private","site_admin":false,"name":"Alex Corpuz","company":null,"blog":"","location":null,"email":null,"hireable":null,"bio":null,"twitter_username":null,"notification_email":null,"public_repos":3,"public_gists":0,"followers":6,"following":3,"created_at":"2024-01-08T08:56:18Z","updated_at":"2024-12-10T01:57:14Z","private_gists":0,"total_private_repos":0,"owned_private_repos":0,"disk_usage":13313,"collaborators":0,"two_factor_authentication":false,"plan":{"name":"free","space":976562499,"collaborators":0,"private_repos":10000}}
[info] 
[info] +  Success! Logged into GitHub as corplex213 
[info] 
[debug] [2024-12-17T03:09:16.646Z] >>> [apiv2][query] GET https://api.github.com/repos//actions/secrets/public-key type=owner
[debug] [2024-12-17T03:09:17.028Z] <<< [apiv2][status] GET https://api.github.com/repos//actions/secrets/public-key 404
[debug] [2024-12-17T03:09:17.028Z] <<< [apiv2][body] GET https://api.github.com/repos//actions/secrets/public-key {"message":"Not Found","documentation_url":"https://docs.github.com/rest","status":"404"}
[info] 
[info] 
[error] !  The provided authorization cannot be used with this repository. If this repository is in an organization, did you remember to grant access? 
[info] 
[info] i  Action required: Visit this URL to ensure access has been granted to the appropriate organization(s) for the Firebase CLI GitHub OAuth App: 
[info] https://github.com/settings/connections/applications/89cf50f02ac6aaed3484
[info] 
[debug] [2024-12-17T03:09:31.613Z] >>> [apiv2][query] GET https://api.github.com/repos/repository/actions/secrets/public-key type=owner
[debug] [2024-12-17T03:09:32.008Z] <<< [apiv2][status] GET https://api.github.com/repos/repository/actions/secrets/public-key 404
[debug] [2024-12-17T03:09:32.008Z] <<< [apiv2][body] GET https://api.github.com/repos/repository/actions/secrets/public-key {"message":"Not Found","documentation_url":"https://docs.github.com/rest","status":"404"}
[info] 
[info] 
[error] !  The provided authorization cannot be used with this repository. If this repository is in an organization, did you remember to grant access? 
[info] 
[info] i  Action required: Visit this URL to ensure access has been granted to the appropriate organization(s) for the Firebase CLI GitHub OAuth App: 
[info] https://github.com/settings/connections/applications/89cf50f02ac6aaed3484
[info] 
